{"D:\\hzq\\GitHub\\axios-plugin\\dist\\service.js":{"path":"D:\\hzq\\GitHub\\axios-plugin\\dist\\service.js","s":{"1":1,"2":1,"3":1,"4":1,"5":1,"6":1,"7":0,"8":0,"9":0,"10":0,"11":1,"12":1,"13":0,"14":0,"15":0,"16":0,"17":1,"18":0,"19":0,"20":0,"21":0,"22":0,"23":0,"24":0,"25":1},"b":{"1":[0,1],"2":[0,0],"3":[0,0],"4":[0,0],"5":[0,0],"6":[0,0]},"f":{"1":1,"2":0,"3":0,"4":0,"5":0},"fnMap":{"1":{"name":"(anonymous_1)","line":11,"loc":{"start":{"line":11,"column":19},"end":{"line":11,"column":42}}},"2":{"name":"(anonymous_2)","line":29,"loc":{"start":{"line":29,"column":37},"end":{"line":29,"column":55}}},"3":{"name":"(anonymous_3)","line":36,"loc":{"start":{"line":36,"column":7},"end":{"line":36,"column":24}}},"4":{"name":"(anonymous_4)","line":41,"loc":{"start":{"line":41,"column":38},"end":{"line":41,"column":58}}},"5":{"name":"(anonymous_5)","line":47,"loc":{"start":{"line":47,"column":7},"end":{"line":47,"column":24}}}},"statementMap":{"1":{"start":{"line":2,"column":0},"end":{"line":2,"column":62}},"2":{"start":{"line":10,"column":0},"end":{"line":10,"column":31}},"3":{"start":{"line":11,"column":0},"end":{"line":57,"column":3}},"4":{"start":{"line":13,"column":4},"end":{"line":13,"column":38}},"5":{"start":{"line":15,"column":4},"end":{"line":19,"column":6}},"6":{"start":{"line":20,"column":4},"end":{"line":26,"column":5}},"7":{"start":{"line":21,"column":8},"end":{"line":21,"column":52}},"8":{"start":{"line":22,"column":8},"end":{"line":24,"column":9}},"9":{"start":{"line":23,"column":12},"end":{"line":23,"column":99}},"10":{"start":{"line":25,"column":8},"end":{"line":25,"column":71}},"11":{"start":{"line":27,"column":4},"end":{"line":27,"column":56}},"12":{"start":{"line":29,"column":4},"end":{"line":39,"column":7}},"13":{"start":{"line":31,"column":8},"end":{"line":35,"column":26}},"14":{"start":{"line":32,"column":12},"end":{"line":32,"column":53}},"15":{"start":{"line":35,"column":12},"end":{"line":35,"column":26}},"16":{"start":{"line":38,"column":8},"end":{"line":38,"column":37}},"17":{"start":{"line":41,"column":4},"end":{"line":55,"column":7}},"18":{"start":{"line":43,"column":8},"end":{"line":45,"column":9}},"19":{"start":{"line":44,"column":12},"end":{"line":44,"column":46}},"20":{"start":{"line":46,"column":8},"end":{"line":46,"column":29}},"21":{"start":{"line":49,"column":8},"end":{"line":54,"column":9}},"22":{"start":{"line":50,"column":12},"end":{"line":52,"column":13}},"23":{"start":{"line":51,"column":16},"end":{"line":51,"column":45}},"24":{"start":{"line":53,"column":12},"end":{"line":53,"column":50}},"25":{"start":{"line":56,"column":4},"end":{"line":56,"column":19}}},"branchMap":{"1":{"line":20,"type":"if","locations":[{"start":{"line":20,"column":4},"end":{"line":20,"column":4}},{"start":{"line":20,"column":4},"end":{"line":20,"column":4}}]},"2":{"line":22,"type":"if","locations":[{"start":{"line":22,"column":8},"end":{"line":22,"column":8}},{"start":{"line":22,"column":8},"end":{"line":22,"column":8}}]},"3":{"line":31,"type":"if","locations":[{"start":{"line":31,"column":8},"end":{"line":31,"column":8}},{"start":{"line":31,"column":8},"end":{"line":31,"column":8}}]},"4":{"line":43,"type":"if","locations":[{"start":{"line":43,"column":8},"end":{"line":43,"column":8}},{"start":{"line":43,"column":8},"end":{"line":43,"column":8}}]},"5":{"line":49,"type":"if","locations":[{"start":{"line":49,"column":8},"end":{"line":49,"column":8}},{"start":{"line":49,"column":8},"end":{"line":49,"column":8}}]},"6":{"line":50,"type":"if","locations":[{"start":{"line":50,"column":12},"end":{"line":50,"column":12}},{"start":{"line":50,"column":12},"end":{"line":50,"column":12}}]}}}}