TN:
SF:D:\hzq\GitHub\axios-plugin\dist\service.js
FN:11,(anonymous_1)
FN:29,(anonymous_2)
FN:36,(anonymous_3)
FN:41,(anonymous_4)
FN:47,(anonymous_5)
FNF:5
FNH:1
FNDA:1,(anonymous_1)
FNDA:0,(anonymous_2)
FNDA:0,(anonymous_3)
FNDA:0,(anonymous_4)
FNDA:0,(anonymous_5)
DA:2,1
DA:10,1
DA:11,1
DA:13,1
DA:15,1
DA:20,1
DA:21,0
DA:22,0
DA:23,0
DA:25,0
DA:27,1
DA:29,1
DA:31,0
DA:32,0
DA:35,0
DA:38,0
DA:41,1
DA:43,0
DA:44,0
DA:46,0
DA:49,0
DA:50,0
DA:51,0
DA:53,0
DA:56,1
LF:25
LH:10
BRDA:20,1,0,0
BRDA:20,1,1,1
BRDA:22,2,0,0
BRDA:22,2,1,0
BRDA:31,3,0,0
BRDA:31,3,1,0
BRDA:43,4,0,0
BRDA:43,4,1,0
BRDA:49,5,0,0
BRDA:49,5,1,0
BRDA:50,6,0,0
BRDA:50,6,1,0
BRF:12
BRH:1
end_of_record
